2025-04-01 18:57:58,917 - trading.trading - ERROR - Ошибка загрузки кошелька: eval() arg 1 must be a string, bytes or code object
2025-04-01 19:01:01,629 - trading.trading - ERROR - Ошибка загрузки кошелька: type object 'Keypair' has no attribute 'from_bytes'
2025-04-01 19:17:41,198 - __main__ - INFO - Мониторинг прибыли запущен.
2025-04-01 19:17:41,203 - __main__ - INFO - Автоматическое обновление портфеля запущено (интервал: 30 сек).
2025-04-01 19:43:05,927 - __main__ - INFO - Мониторинг прибыли запущен.
2025-04-01 19:43:05,930 - __main__ - INFO - Автоматическое обновление портфеля запущено (интервал: 30 сек).
2025-04-01 19:43:05,932 - __main__ - INFO - Демо-режим активирован. Используется виртуальный кошелёк.
2025-04-01 19:43:05,933 - __main__ - INFO - Баланс SOL: 10.0
2025-04-01 19:43:06,026 - trading.trading - INFO - Запрашиваем цену SOL через CoinGecko...
2025-04-01 19:43:06,033 - trading.trading - INFO - Запрашиваем цену SOL через CoinGecko...
2025-04-01 19:43:06,276 - trading.trading - INFO - Получена новая цена SOL: 128.64 USDT
2025-04-01 19:43:06,283 - trading.trading - INFO - Получена новая цена SOL: 128.64 USDT
2025-04-01 19:44:53,859 - trading.trading - INFO - Получение текущей цены для токена FhLjrW...cQpump
2025-04-01 19:44:53,860 - trading.trading - INFO - Запрос цены токена FhLjrW...cQpump через DexScreener...
2025-04-01 19:44:54,110 - trading.trading - INFO - Цена токена FhLjrW...cQpump на pumpswap: 0.00000072 SOL
2025-04-01 19:44:54,111 - trading.trading - INFO - Демо-покупка: 278357.6896 токенов FhLjrW...cQpump за 0.2 SOL по цене 0.00000072 SOL за токен
2025-04-01 19:44:54,112 - __main__ - INFO - Демо-своп выполнен
2025-04-01 19:44:54,112 - __main__ - INFO - Демо-баланс SOL: 9.8
2025-04-01 19:44:54,115 - __main__ - INFO - Демо-баланс FhLjrWJMvhAAWQNQa9iyZeNwDEyv8vLdA2fh9icQpump: 278357.68963117606
2025-04-01 19:44:54,497 - __main__ - ERROR - Ошибка отправки уведомления: 400 Client Error: Bad Request for url: https://api.telegram.org/bot7522907574:AAHfKJSGi4b0fbRldbtAG_4PL3fFivyo9Ic/sendMessage
2025-04-01 19:44:54,499 - trading.trading - INFO - Получение текущей цены для токена FhLjrW...cQpump
2025-04-01 19:45:06,283 - trading.trading - INFO - Получение текущей цены для токена FhLjrW...cQpump
2025-04-01 19:45:06,285 - trading.trading - INFO - Получение текущей цены для токена FhLjrW...cQpump
2025-04-01 19:45:06,291 - trading.trading - INFO - Получение текущей цены для токена FhLjrW...cQpump
2025-04-01 19:45:36,293 - trading.trading - INFO - Получение текущей цены для токена FhLjrW...cQpump
2025-04-01 19:45:38,039 - trading.trading - INFO - Получение текущей цены для токена B1oKaT...K7pump
2025-04-01 19:45:38,040 - trading.trading - INFO - Запрос цены токена B1oKaT...K7pump через DexScreener...
2025-04-01 19:45:38,257 - trading.trading - INFO - Цена токена B1oKaT...K7pump на pumpswap: 0.00000035 SOL
2025-04-01 19:45:38,258 - trading.trading - INFO - Демо-покупка: 563539.0251 токенов B1oKaT...K7pump за 0.2 SOL по цене 0.00000035 SOL за токен
2025-04-01 19:45:38,259 - __main__ - INFO - Демо-своп выполнен
2025-04-01 19:45:38,260 - __main__ - INFO - Демо-баланс SOL: 9.600000000000001
2025-04-01 19:45:38,261 - __main__ - INFO - Демо-баланс B1oKaTVsg1S6TCbBwRNADXY1NF7AfpsnSrvWhWK7pump: 563539.0250774866
2025-04-01 19:45:38,654 - __main__ - ERROR - Ошибка отправки уведомления: 400 Client Error: Bad Request for url: https://api.telegram.org/bot7522907574:AAHfKJSGi4b0fbRldbtAG_4PL3fFivyo9Ic/sendMessage
2025-04-01 19:45:38,656 - trading.trading - INFO - Получение текущей цены для токена FhLjrW...cQpump
2025-04-01 19:45:38,656 - trading.trading - INFO - Получение текущей цены для токена B1oKaT...K7pump
2025-04-01 19:46:06,289 - trading.trading - INFO - Получение текущей цены для токена FhLjrW...cQpump
2025-04-01 19:46:06,291 - trading.trading - INFO - Получение текущей цены для токена B1oKaT...K7pump
2025-04-01 19:46:06,291 - trading.trading - INFO - Получение текущей цены для токена FhLjrW...cQpump
2025-04-01 19:46:06,292 - trading.trading - INFO - Получение текущей цены для токена B1oKaT...K7pump
2025-04-01 19:46:06,301 - trading.trading - INFO - Получение текущей цены для токена FhLjrW...cQpump
2025-04-01 19:46:06,302 - trading.trading - INFO - Получение текущей цены для токена B1oKaT...K7pump
2025-04-01 19:46:33,064 - trading.trading - INFO - Получение текущей цены для токена 6wx8Wq...z2pump
2025-04-01 19:46:33,065 - trading.trading - INFO - Запрос цены токена 6wx8Wq...z2pump через DexScreener...
2025-04-01 19:46:33,319 - trading.trading - INFO - Цена токена 6wx8Wq...z2pump на pumpswap: 0.00000033 SOL
2025-04-01 19:46:33,321 - trading.trading - INFO - Демо-покупка: 610128.1269 токенов 6wx8Wq...z2pump за 0.2 SOL по цене 0.00000033 SOL за токен
2025-04-01 19:46:33,321 - __main__ - INFO - Демо-своп выполнен
2025-04-01 19:46:33,322 - __main__ - INFO - Демо-баланс SOL: 9.400000000000002
2025-04-01 19:46:33,323 - __main__ - INFO - Демо-баланс 6wx8WqrU4ThrSNNuQPTdJcYDvfouKkUhUwd4Jjz2pump: 610128.1269066504
2025-04-01 19:46:33,641 - __main__ - ERROR - Ошибка отправки уведомления: 400 Client Error: Bad Request for url: https://api.telegram.org/bot7522907574:AAHfKJSGi4b0fbRldbtAG_4PL3fFivyo9Ic/sendMessage
2025-04-01 19:46:33,643 - trading.trading - INFO - Получение текущей цены для токена FhLjrW...cQpump
2025-04-01 19:46:33,643 - trading.trading - INFO - Получение текущей цены для токена B1oKaT...K7pump
2025-04-01 19:46:33,644 - trading.trading - INFO - Получение текущей цены для токена 6wx8Wq...z2pump
2025-04-01 19:46:36,307 - trading.trading - INFO - Получение текущей цены для токена FhLjrW...cQpump
2025-04-01 19:46:36,308 - trading.trading - INFO - Получение текущей цены для токена B1oKaT...K7pump
2025-04-01 19:46:36,312 - trading.trading - INFO - Получение текущей цены для токена 6wx8Wq...z2pump
2025-04-01 19:47:06,298 - trading.trading - INFO - Получение текущей цены для токена FhLjrW...cQpump
2025-04-01 19:47:06,299 - trading.trading - INFO - Получение текущей цены для токена B1oKaT...K7pump
2025-04-01 19:47:06,304 - trading.trading - INFO - Получение текущей цены для токена 6wx8Wq...z2pump
2025-04-01 19:47:06,308 - trading.trading - INFO - Получение текущей цены для токена FhLjrW...cQpump
2025-04-01 19:47:06,308 - trading.trading - INFO - Получение текущей цены для токена B1oKaT...K7pump
2025-04-01 19:47:06,308 - trading.trading - INFO - Получение текущей цены для токена 6wx8Wq...z2pump
2025-04-01 19:47:06,321 - trading.trading - INFO - Получение текущей цены для токена FhLjrW...cQpump
2025-04-01 19:47:06,322 - trading.trading - INFO - Получение текущей цены для токена B1oKaT...K7pump
2025-04-01 19:47:06,325 - trading.trading - INFO - Получение текущей цены для токена 6wx8Wq...z2pump
2025-04-01 19:47:36,334 - trading.trading - INFO - Получение текущей цены для токена FhLjrW...cQpump
2025-04-01 19:47:36,335 - trading.trading - INFO - Получение текущей цены для токена B1oKaT...K7pump
2025-04-01 19:47:36,342 - trading.trading - INFO - Получение текущей цены для токена 6wx8Wq...z2pump
2025-04-01 19:48:06,309 - trading.trading - INFO - Запрашиваем цену SOL через CoinGecko...
2025-04-01 19:48:06,347 - trading.trading - INFO - Запрашиваем цену SOL через CoinGecko...
2025-04-01 19:48:06,578 - trading.trading - INFO - Получена новая цена SOL: 128.34 USDT
2025-04-01 19:48:06,579 - trading.trading - INFO - Получение текущей цены для токена FhLjrW...cQpump
2025-04-01 19:48:06,580 - trading.trading - INFO - Получение текущей цены для токена B1oKaT...K7pump
2025-04-01 19:48:06,585 - trading.trading - INFO - Получена новая цена SOL: 128.34 USDT
2025-04-01 19:48:06,587 - trading.trading - INFO - Получение текущей цены для токена 6wx8Wq...z2pump
2025-04-01 19:48:06,592 - trading.trading - INFO - Получение текущей цены для токена FhLjrW...cQpump
2025-04-01 19:48:06,602 - trading.trading - INFO - Получение текущей цены для токена B1oKaT...K7pump
2025-04-01 19:48:06,607 - trading.trading - INFO - Получение текущей цены для токена 6wx8Wq...z2pump
2025-04-01 19:48:06,619 - trading.trading - INFO - Получение текущей цены для токена FhLjrW...cQpump
2025-04-01 19:48:06,619 - trading.trading - INFO - Получение текущей цены для токена B1oKaT...K7pump
2025-04-01 19:48:06,619 - trading.trading - INFO - Получение текущей цены для токена 6wx8Wq...z2pump
2025-04-01 19:48:36,596 - trading.trading - INFO - Получение текущей цены для токена FhLjrW...cQpump
2025-04-01 19:48:36,597 - trading.trading - INFO - Получение текущей цены для токена B1oKaT...K7pump
2025-04-01 19:48:36,602 - trading.trading - INFO - Получение текущей цены для токена 6wx8Wq...z2pump
2025-04-01 19:49:06,611 - trading.trading - INFO - Получение текущей цены для токена FhLjrW...cQpump
2025-04-01 19:49:06,614 - trading.trading - INFO - Получение текущей цены для токена B1oKaT...K7pump
2025-04-01 19:49:06,618 - trading.trading - INFO - Получение текущей цены для токена 6wx8Wq...z2pump
2025-04-01 19:49:06,636 - trading.trading - INFO - Получение текущей цены для токена FhLjrW...cQpump
2025-04-01 19:49:06,636 - trading.trading - INFO - Получение текущей цены для токена B1oKaT...K7pump
2025-04-01 19:49:06,642 - trading.trading - INFO - Получение текущей цены для токена 6wx8Wq...z2pump
2025-04-01 19:49:06,646 - trading.trading - INFO - Получение текущей цены для токена FhLjrW...cQpump
2025-04-01 19:49:06,647 - trading.trading - INFO - Получение текущей цены для токена B1oKaT...K7pump
2025-04-01 19:49:06,647 - trading.trading - INFO - Получение текущей цены для токена 6wx8Wq...z2pump
2025-04-01 19:49:36,628 - trading.trading - INFO - Получение текущей цены для токена FhLjrW...cQpump
2025-04-01 19:49:36,629 - trading.trading - INFO - Получение текущей цены для токена B1oKaT...K7pump
2025-04-01 19:49:36,633 - trading.trading - INFO - Получение текущей цены для токена 6wx8Wq...z2pump
2025-04-01 19:50:06,643 - trading.trading - INFO - Получение текущей цены для токена FhLjrW...cQpump
2025-04-01 19:50:06,644 - trading.trading - INFO - Запрос цены токена FhLjrW...cQpump через DexScreener...
2025-04-01 19:50:06,652 - trading.trading - INFO - Получение текущей цены для токена FhLjrW...cQpump
2025-04-01 19:50:06,653 - trading.trading - INFO - Запрос цены токена FhLjrW...cQpump через DexScreener...
2025-04-01 19:50:16,680 - trading.trading - WARNING - Ошибка получения цены через DexScreener: HTTPSConnectionPool(host='api.dexscreener.com', port=443): Read timed out. (read timeout=10)
2025-04-01 19:50:16,682 - trading.trading - WARNING - Ошибка получения цены через DexScreener: HTTPSConnectionPool(host='api.dexscreener.com', port=443): Read timed out. (read timeout=10)
2025-04-01 19:50:16,682 - trading.trading - INFO - Получение текущей цены для токена B1oKaT...K7pump
2025-04-01 19:50:16,683 - trading.trading - INFO - Получение текущей цены для токена B1oKaT...K7pump
2025-04-01 19:50:16,688 - trading.trading - INFO - Получение текущей цены для токена 6wx8Wq...z2pump
2025-04-01 19:50:16,688 - trading.trading - INFO - Получение текущей цены для токена 6wx8Wq...z2pump
2025-04-01 19:50:16,697 - trading.trading - INFO - Получение текущей цены для токена FhLjrW...cQpump
2025-04-01 19:50:16,697 - trading.trading - INFO - Получение текущей цены для токена B1oKaT...K7pump
2025-04-01 19:50:16,697 - trading.trading - INFO - Получение текущей цены для токена 6wx8Wq...z2pump
2025-04-01 19:50:46,701 - trading.trading - INFO - Получение текущей цены для токена FhLjrW...cQpump
2025-04-01 19:50:46,702 - trading.trading - INFO - Получение текущей цены для токена B1oKaT...K7pump
2025-04-01 19:50:46,702 - trading.trading - INFO - Запрос цены токена B1oKaT...K7pump через DexScreener...
2025-04-01 19:50:46,921 - trading.trading - INFO - Цена токена B1oKaT...K7pump на pumpswap: 0.00000027 SOL
2025-04-01 19:50:46,923 - trading.trading - INFO - Получение текущей цены для токена 6wx8Wq...z2pump
2025-04-01 19:51:16,702 - trading.trading - INFO - Получение текущей цены для токена FhLjrW...cQpump
2025-04-01 19:51:16,703 - trading.trading - INFO - Получение текущей цены для токена B1oKaT...K7pump
2025-04-01 19:51:16,703 - trading.trading - INFO - Получение текущей цены для токена 6wx8Wq...z2pump
2025-04-01 19:51:16,703 - trading.trading - INFO - Получение текущей цены для токена FhLjrW...cQpump
2025-04-01 19:51:16,704 - trading.trading - INFO - Получение текущей цены для токена B1oKaT...K7pump
2025-04-01 19:51:16,704 - trading.trading - INFO - Получение текущей цены для токена 6wx8Wq...z2pump
2025-04-01 19:51:16,928 - trading.trading - INFO - Получение текущей цены для токена FhLjrW...cQpump
2025-04-01 19:51:16,929 - trading.trading - INFO - Получение текущей цены для токена B1oKaT...K7pump
2025-04-01 19:51:16,930 - trading.trading - INFO - Получение текущей цены для токена 6wx8Wq...z2pump
2025-04-01 19:51:46,933 - trading.trading - INFO - Получение текущей цены для токена FhLjrW...cQpump
2025-04-01 19:51:46,940 - trading.trading - INFO - Получение текущей цены для токена B1oKaT...K7pump
2025-04-01 19:51:46,945 - trading.trading - INFO - Получение текущей цены для токена 6wx8Wq...z2pump
2025-04-01 19:51:46,946 - trading.trading - INFO - Запрос цены токена 6wx8Wq...z2pump через DexScreener...
2025-04-01 19:51:47,191 - trading.trading - INFO - Цена токена 6wx8Wq...z2pump на pumpswap: 0.00000033 SOL
2025-04-01 19:52:16,709 - trading.trading - INFO - Получение текущей цены для токена FhLjrW...cQpump
2025-04-01 19:52:16,711 - trading.trading - INFO - Получение текущей цены для токена B1oKaT...K7pump
2025-04-01 19:52:16,715 - trading.trading - INFO - Получение текущей цены для токена 6wx8Wq...z2pump
2025-04-01 19:52:16,721 - trading.trading - INFO - Получение текущей цены для токена FhLjrW...cQpump
2025-04-01 19:52:16,722 - trading.trading - INFO - Получение текущей цены для токена B1oKaT...K7pump
2025-04-01 19:52:16,722 - trading.trading - INFO - Получение текущей цены для токена 6wx8Wq...z2pump
2025-04-01 19:52:17,197 - trading.trading - INFO - Получение текущей цены для токена FhLjrW...cQpump
2025-04-01 19:52:17,199 - trading.trading - INFO - Получение текущей цены для токена B1oKaT...K7pump
2025-04-01 19:52:17,203 - trading.trading - INFO - Получение текущей цены для токена 6wx8Wq...z2pump
2025-04-01 19:52:47,213 - trading.trading - INFO - Получение текущей цены для токена FhLjrW...cQpump
2025-04-01 19:52:47,215 - trading.trading - INFO - Получение текущей цены для токена B1oKaT...K7pump
2025-04-01 19:52:47,219 - trading.trading - INFO - Получение текущей цены для токена 6wx8Wq...z2pump
2025-04-01 19:53:16,724 - trading.trading - INFO - Запрашиваем цену SOL через CoinGecko...
2025-04-01 19:53:16,963 - trading.trading - INFO - Получена новая цена SOL: 128.54 USDT
2025-04-01 19:53:16,965 - trading.trading - INFO - Получение текущей цены для токена FhLjrW...cQpump
2025-04-01 19:53:16,966 - trading.trading - INFO - Получение текущей цены для токена B1oKaT...K7pump
2025-04-01 19:53:16,971 - trading.trading - INFO - Получение текущей цены для токена 6wx8Wq...z2pump
2025-04-01 19:53:16,977 - trading.trading - INFO - Получение текущей цены для токена FhLjrW...cQpump
2025-04-01 19:53:16,978 - trading.trading - INFO - Получение текущей цены для токена B1oKaT...K7pump
2025-04-01 19:53:16,978 - trading.trading - INFO - Получение текущей цены для токена 6wx8Wq...z2pump
2025-04-01 19:53:17,230 - trading.trading - INFO - Получение текущей цены для токена FhLjrW...cQpump
2025-04-01 19:53:17,231 - trading.trading - INFO - Получение текущей цены для токена B1oKaT...K7pump
2025-04-01 19:53:17,236 - trading.trading - INFO - Получение текущей цены для токена 6wx8Wq...z2pump
2025-04-01 19:53:47,246 - trading.trading - INFO - Получение текущей цены для токена FhLjrW...cQpump
2025-04-01 19:53:47,249 - trading.trading - INFO - Получение текущей цены для токена B1oKaT...K7pump
2025-04-01 19:53:47,255 - trading.trading - INFO - Получение текущей цены для токена 6wx8Wq...z2pump
2025-04-01 19:54:16,982 - trading.trading - INFO - Получение текущей цены для токена FhLjrW...cQpump
2025-04-01 19:54:16,983 - trading.trading - INFO - Получение текущей цены для токена B1oKaT...K7pump
2025-04-01 19:54:16,987 - trading.trading - INFO - Получение текущей цены для токена 6wx8Wq...z2pump
2025-04-01 19:54:16,991 - trading.trading - INFO - Получение текущей цены для токена FhLjrW...cQpump
2025-04-01 19:54:16,991 - trading.trading - INFO - Получение текущей цены для токена B1oKaT...K7pump
2025-04-01 19:54:16,992 - trading.trading - INFO - Получение текущей цены для токена 6wx8Wq...z2pump
2025-04-01 19:54:17,267 - trading.trading - INFO - Получение текущей цены для токена FhLjrW...cQpump
2025-04-01 19:54:17,268 - trading.trading - INFO - Получение текущей цены для токена B1oKaT...K7pump
2025-04-01 19:54:17,272 - trading.trading - INFO - Получение текущей цены для токена 6wx8Wq...z2pump
2025-04-01 19:54:47,282 - trading.trading - INFO - Получение текущей цены для токена FhLjrW...cQpump
2025-04-01 19:54:47,283 - trading.trading - INFO - Получение текущей цены для токена B1oKaT...K7pump
2025-04-01 19:54:47,289 - trading.trading - INFO - Получение текущей цены для токена 6wx8Wq...z2pump
2025-04-01 19:55:16,996 - trading.trading - INFO - Получение текущей цены для токена FhLjrW...cQpump
2025-04-01 19:55:16,997 - trading.trading - INFO - Запрос цены токена FhLjrW...cQpump через DexScreener...
2025-04-01 19:55:17,237 - trading.trading - INFO - Цена токена FhLjrW...cQpump на pumpswap: 0.00000041 SOL
2025-04-01 19:55:17,238 - trading.trading - INFO - Получение текущей цены для токена B1oKaT...K7pump
2025-04-01 19:55:17,243 - trading.trading - INFO - Получение текущей цены для токена 6wx8Wq...z2pump
2025-04-01 19:55:17,249 - trading.trading - INFO - Получение текущей цены для токена FhLjrW...cQpump
2025-04-01 19:55:17,249 - trading.trading - INFO - Получение текущей цены для токена B1oKaT...K7pump
2025-04-01 19:55:17,250 - trading.trading - INFO - Получение текущей цены для токена 6wx8Wq...z2pump
2025-04-01 19:55:17,299 - trading.trading - INFO - Получение текущей цены для токена FhLjrW...cQpump
2025-04-01 19:55:17,300 - trading.trading - INFO - Получение текущей цены для токена B1oKaT...K7pump
2025-04-01 19:55:17,304 - trading.trading - INFO - Получение текущей цены для токена 6wx8Wq...z2pump
2025-04-01 19:55:47,329 - trading.trading - INFO - Получение текущей цены для токена FhLjrW...cQpump
2025-04-01 19:55:47,333 - trading.trading - INFO - Получение текущей цены для токена B1oKaT...K7pump
2025-04-01 19:55:47,334 - trading.trading - INFO - Запрос цены токена B1oKaT...K7pump через DexScreener...
2025-04-01 19:55:47,562 - trading.trading - INFO - Цена токена B1oKaT...K7pump на pumpswap: 0.00000031 SOL
2025-04-01 19:55:47,564 - trading.trading - INFO - Получение текущей цены для токена 6wx8Wq...z2pump
2025-04-01 19:56:17,255 - trading.trading - INFO - Получение текущей цены для токена FhLjrW...cQpump
2025-04-01 19:56:17,257 - trading.trading - INFO - Получение текущей цены для токена B1oKaT...K7pump
2025-04-01 19:56:17,258 - trading.trading - INFO - Получение текущей цены для токена 6wx8Wq...z2pump
2025-04-01 19:56:17,264 - trading.trading - INFO - Получение текущей цены для токена FhLjrW...cQpump
2025-04-01 19:56:17,265 - trading.trading - INFO - Получение текущей цены для токена B1oKaT...K7pump
2025-04-01 19:56:17,265 - trading.trading - INFO - Получение текущей цены для токена 6wx8Wq...z2pump
2025-04-01 19:56:17,569 - trading.trading - INFO - Получение текущей цены для токена FhLjrW...cQpump
2025-04-01 19:56:17,570 - trading.trading - INFO - Получение текущей цены для токена B1oKaT...K7pump
2025-04-01 19:56:17,572 - trading.trading - INFO - Получение текущей цены для токена 6wx8Wq...z2pump
2025-04-01 19:56:47,594 - trading.trading - INFO - Получение текущей цены для токена FhLjrW...cQpump
2025-04-01 19:56:47,596 - trading.trading - INFO - Получение текущей цены для токена B1oKaT...K7pump
2025-04-01 19:56:47,600 - trading.trading - INFO - Получение текущей цены для токена 6wx8Wq...z2pump
2025-04-01 19:56:47,601 - trading.trading - INFO - Запрос цены токена 6wx8Wq...z2pump через DexScreener...
2025-04-01 19:56:47,816 - trading.trading - INFO - Цена токена 6wx8Wq...z2pump на pumpswap: 0.00000034 SOL
2025-04-01 19:57:17,270 - trading.trading - INFO - Получение текущей цены для токена FhLjrW...cQpump
2025-04-01 19:57:17,272 - trading.trading - INFO - Получение текущей цены для токена B1oKaT...K7pump
2025-04-01 19:57:17,276 - trading.trading - INFO - Получение текущей цены для токена 6wx8Wq...z2pump
2025-04-01 19:57:17,282 - trading.trading - INFO - Получение текущей цены для токена FhLjrW...cQpump
2025-04-01 19:57:17,283 - trading.trading - INFO - Получение текущей цены для токена B1oKaT...K7pump
2025-04-01 19:57:17,283 - trading.trading - INFO - Получение текущей цены для токена 6wx8Wq...z2pump
2025-04-01 19:57:17,823 - trading.trading - INFO - Получение текущей цены для токена FhLjrW...cQpump
2025-04-01 19:57:17,825 - trading.trading - INFO - Получение текущей цены для токена B1oKaT...K7pump
2025-04-01 19:57:17,830 - trading.trading - INFO - Получение текущей цены для токена 6wx8Wq...z2pump
2025-04-01 19:57:47,840 - trading.trading - INFO - Получение текущей цены для токена FhLjrW...cQpump
2025-04-01 19:57:47,841 - trading.trading - INFO - Получение текущей цены для токена B1oKaT...K7pump
2025-04-01 19:57:47,846 - trading.trading - INFO - Получение текущей цены для токена 6wx8Wq...z2pump
2025-04-01 19:58:17,284 - trading.trading - INFO - Запрашиваем цену SOL через CoinGecko...
2025-04-01 19:58:17,851 - trading.trading - INFO - Запрашиваем цену SOL через CoinGecko...
2025-04-01 19:58:22,319 - trading.trading - ERROR - Ошибка получения цены SOL: HTTPSConnectionPool(host='api.coingecko.com', port=443): Read timed out. (read timeout=5)
2025-04-01 19:58:22,320 - trading.trading - INFO - Получение текущей цены для токена FhLjrW...cQpump
2025-04-01 19:58:22,322 - trading.trading - INFO - Получение текущей цены для токена B1oKaT...K7pump
2025-04-01 19:58:22,327 - trading.trading - INFO - Получение текущей цены для токена 6wx8Wq...z2pump
2025-04-01 19:58:22,331 - trading.trading - INFO - Получение текущей цены для токена FhLjrW...cQpump
2025-04-01 19:58:22,331 - trading.trading - INFO - Получение текущей цены для токена B1oKaT...K7pump
2025-04-01 19:58:22,332 - trading.trading - INFO - Получение текущей цены для токена 6wx8Wq...z2pump
2025-04-01 19:58:22,862 - trading.trading - ERROR - Ошибка получения цены SOL: HTTPSConnectionPool(host='api.coingecko.com', port=443): Read timed out. (read timeout=5)
2025-04-01 19:58:22,864 - trading.trading - INFO - Получение текущей цены для токена FhLjrW...cQpump
2025-04-01 19:58:22,865 - trading.trading - INFO - Получение текущей цены для токена B1oKaT...K7pump
2025-04-01 19:58:22,872 - trading.trading - INFO - Получение текущей цены для токена 6wx8Wq...z2pump
2025-04-01 19:58:52,881 - trading.trading - INFO - Запрашиваем цену SOL через CoinGecko...
2025-04-01 19:58:53,102 - trading.trading - INFO - Получена новая цена SOL: 128.51 USDT
2025-04-01 19:58:53,103 - trading.trading - INFO - Получение текущей цены для токена FhLjrW...cQpump
2025-04-01 19:58:53,105 - trading.trading - INFO - Получение текущей цены для токена B1oKaT...K7pump
2025-04-01 19:58:53,107 - trading.trading - INFO - Получение текущей цены для токена 6wx8Wq...z2pump
2025-04-01 19:59:22,337 - trading.trading - INFO - Получение текущей цены для токена FhLjrW...cQpump
2025-04-01 19:59:22,340 - trading.trading - INFO - Получение текущей цены для токена B1oKaT...K7pump
2025-04-01 19:59:22,343 - trading.trading - INFO - Получение текущей цены для токена 6wx8Wq...z2pump
2025-04-01 19:59:22,349 - trading.trading - INFO - Получение текущей цены для токена FhLjrW...cQpump
2025-04-01 19:59:22,349 - trading.trading - INFO - Получение текущей цены для токена B1oKaT...K7pump
2025-04-01 19:59:22,349 - trading.trading - INFO - Получение текущей цены для токена 6wx8Wq...z2pump
2025-04-01 19:59:23,118 - trading.trading - INFO - Получение текущей цены для токена FhLjrW...cQpump
2025-04-01 19:59:23,120 - trading.trading - INFO - Получение текущей цены для токена B1oKaT...K7pump
2025-04-01 19:59:23,124 - trading.trading - INFO - Получение текущей цены для токена 6wx8Wq...z2pump
2025-04-01 19:59:53,133 - trading.trading - INFO - Получение текущей цены для токена FhLjrW...cQpump
2025-04-01 19:59:53,135 - trading.trading - INFO - Получение текущей цены для токена B1oKaT...K7pump
2025-04-01 19:59:53,142 - trading.trading - INFO - Получение текущей цены для токена 6wx8Wq...z2pump
2025-04-01 20:00:22,357 - trading.trading - INFO - Получение текущей цены для токена FhLjrW...cQpump
2025-04-01 20:00:22,358 - trading.trading - INFO - Запрос цены токена FhLjrW...cQpump через DexScreener...
2025-04-01 20:00:22,604 - trading.trading - INFO - Цена токена FhLjrW...cQpump на pumpswap: 0.00000029 SOL
2025-04-01 20:00:22,607 - trading.trading - INFO - Получение текущей цены для токена B1oKaT...K7pump
2025-04-01 20:00:22,611 - trading.trading - INFO - Получение текущей цены для токена 6wx8Wq...z2pump
2025-04-01 20:00:22,615 - trading.trading - INFO - Получение текущей цены для токена FhLjrW...cQpump
2025-04-01 20:00:22,615 - trading.trading - INFO - Получение текущей цены для токена B1oKaT...K7pump
2025-04-01 20:00:22,615 - trading.trading - INFO - Получение текущей цены для токена 6wx8Wq...z2pump
2025-04-01 20:00:23,149 - trading.trading - INFO - Получение текущей цены для токена FhLjrW...cQpump
2025-04-01 20:00:23,154 - trading.trading - INFO - Получение текущей цены для токена B1oKaT...K7pump
2025-04-01 20:00:23,155 - trading.trading - INFO - Получение текущей цены для токена 6wx8Wq...z2pump
2025-04-01 20:00:53,156 - trading.trading - INFO - Получение текущей цены для токена FhLjrW...cQpump
2025-04-01 20:00:53,161 - trading.trading - INFO - Получение текущей цены для токена B1oKaT...K7pump
2025-04-01 20:00:53,162 - trading.trading - INFO - Запрос цены токена B1oKaT...K7pump через DexScreener...
2025-04-01 20:00:53,379 - trading.trading - INFO - Цена токена B1oKaT...K7pump на pumpswap: 0.00000035 SOL
2025-04-01 20:00:53,381 - trading.trading - INFO - Получение текущей цены для токена 6wx8Wq...z2pump
2025-04-01 20:01:22,620 - trading.trading - INFO - Получение текущей цены для токена FhLjrW...cQpump
2025-04-01 20:01:22,621 - trading.trading - INFO - Получение текущей цены для токена B1oKaT...K7pump
2025-04-01 20:01:22,621 - trading.trading - INFO - Получение текущей цены для токена 6wx8Wq...z2pump
2025-04-01 20:01:22,622 - trading.trading - INFO - Получение текущей цены для токена FhLjrW...cQpump
2025-04-01 20:01:22,622 - trading.trading - INFO - Получение текущей цены для токена B1oKaT...K7pump
2025-04-01 20:01:22,623 - trading.trading - INFO - Получение текущей цены для токена 6wx8Wq...z2pump
2025-04-01 20:01:23,387 - trading.trading - INFO - Получение текущей цены для токена FhLjrW...cQpump
2025-04-01 20:01:23,387 - trading.trading - INFO - Получение текущей цены для токена B1oKaT...K7pump
2025-04-01 20:01:23,393 - trading.trading - INFO - Получение текущей цены для токена 6wx8Wq...z2pump
2025-04-01 20:01:53,409 - trading.trading - INFO - Получение текущей цены для токена FhLjrW...cQpump
2025-04-01 20:01:53,414 - trading.trading - INFO - Получение текущей цены для токена B1oKaT...K7pump
2025-04-01 20:01:53,420 - trading.trading - INFO - Получение текущей цены для токена 6wx8Wq...z2pump
2025-04-01 20:01:53,420 - trading.trading - INFO - Запрос цены токена 6wx8Wq...z2pump через DexScreener...
2025-04-01 20:01:53,632 - trading.trading - INFO - Цена токена 6wx8Wq...z2pump на pumpswap: 0.00000035 SOL
2025-04-01 20:02:22,633 - trading.trading - INFO - Получение текущей цены для токена FhLjrW...cQpump
2025-04-01 20:02:22,634 - trading.trading - INFO - Получение текущей цены для токена B1oKaT...K7pump
2025-04-01 20:02:22,640 - trading.trading - INFO - Получение текущей цены для токена 6wx8Wq...z2pump
2025-04-01 20:02:22,647 - trading.trading - INFO - Получение текущей цены для токена FhLjrW...cQpump
2025-04-01 20:02:22,648 - trading.trading - INFO - Получение текущей цены для токена B1oKaT...K7pump
2025-04-01 20:02:22,648 - trading.trading - INFO - Получение текущей цены для токена 6wx8Wq...z2pump
2025-04-01 20:02:23,639 - trading.trading - INFO - Получение текущей цены для токена FhLjrW...cQpump
2025-04-01 20:02:23,640 - trading.trading - INFO - Получение текущей цены для токена B1oKaT...K7pump
2025-04-01 20:02:23,641 - trading.trading - INFO - Получение текущей цены для токена 6wx8Wq...z2pump
2025-04-01 20:02:53,646 - trading.trading - INFO - Получение текущей цены для токена FhLjrW...cQpump
2025-04-01 20:02:53,648 - trading.trading - INFO - Получение текущей цены для токена B1oKaT...K7pump
2025-04-01 20:02:53,653 - trading.trading - INFO - Получение текущей цены для токена 6wx8Wq...z2pump
2025-04-01 20:03:22,654 - trading.trading - INFO - Получение текущей цены для токена FhLjrW...cQpump
2025-04-01 20:03:22,658 - trading.trading - INFO - Получение текущей цены для токена B1oKaT...K7pump
2025-04-01 20:03:22,662 - trading.trading - INFO - Получение текущей цены для токена 6wx8Wq...z2pump
2025-04-01 20:03:22,666 - trading.trading - INFO - Получение текущей цены для токена FhLjrW...cQpump
2025-04-01 20:03:22,666 - trading.trading - INFO - Получение текущей цены для токена B1oKaT...K7pump
2025-04-01 20:03:22,666 - trading.trading - INFO - Получение текущей цены для токена 6wx8Wq...z2pump
2025-04-01 20:03:23,662 - trading.trading - INFO - Получение текущей цены для токена FhLjrW...cQpump
2025-04-01 20:03:23,663 - trading.trading - INFO - Получение текущей цены для токена B1oKaT...K7pump
2025-04-01 20:03:23,668 - trading.trading - INFO - Получение текущей цены для токена 6wx8Wq...z2pump
2025-04-01 20:03:53,679 - trading.trading - INFO - Запрашиваем цену SOL через CoinGecko...
2025-04-01 20:03:53,920 - trading.trading - INFO - Получена новая цена SOL: 128.15 USDT
2025-04-01 20:03:53,922 - trading.trading - INFO - Получение текущей цены для токена FhLjrW...cQpump
2025-04-01 20:03:53,923 - trading.trading - INFO - Получение текущей цены для токена B1oKaT...K7pump
2025-04-01 20:03:53,927 - trading.trading - INFO - Получение текущей цены для токена 6wx8Wq...z2pump
2025-04-01 20:04:22,668 - trading.trading - INFO - Получение текущей цены для токена FhLjrW...cQpump
2025-04-01 20:04:22,668 - trading.trading - INFO - Получение текущей цены для токена B1oKaT...K7pump
2025-04-01 20:04:22,673 - trading.trading - INFO - Получение текущей цены для токена 6wx8Wq...z2pump
2025-04-01 20:04:22,677 - trading.trading - INFO - Получение текущей цены для токена FhLjrW...cQpump
2025-04-01 20:04:22,678 - trading.trading - INFO - Получение текущей цены для токена B1oKaT...K7pump
2025-04-01 20:04:22,678 - trading.trading - INFO - Получение текущей цены для токена 6wx8Wq...z2pump
2025-04-01 20:04:23,929 - trading.trading - INFO - Получение текущей цены для токена FhLjrW...cQpump
2025-04-01 20:04:23,929 - trading.trading - INFO - Получение текущей цены для токена B1oKaT...K7pump
2025-04-01 20:04:23,934 - trading.trading - INFO - Получение текущей цены для токена 6wx8Wq...z2pump
2025-04-01 20:04:53,944 - trading.trading - INFO - Получение текущей цены для токена FhLjrW...cQpump
2025-04-01 20:04:53,947 - trading.trading - INFO - Получение текущей цены для токена B1oKaT...K7pump
2025-04-01 20:04:53,950 - trading.trading - INFO - Получение текущей цены для токена 6wx8Wq...z2pump
2025-04-01 20:05:22,683 - trading.trading - INFO - Получение текущей цены для токена FhLjrW...cQpump
2025-04-01 20:05:22,684 - trading.trading - INFO - Запрос цены токена FhLjrW...cQpump через DexScreener...
2025-04-01 20:05:22,975 - trading.trading - INFO - Цена токена FhLjrW...cQpump на pumpswap: 0.00000023 SOL
2025-04-01 20:05:22,976 - trading.trading - INFO - Получение текущей цены для токена B1oKaT...K7pump
2025-04-01 20:05:22,980 - trading.trading - INFO - Получение текущей цены для токена 6wx8Wq...z2pump
2025-04-01 20:05:22,985 - trading.trading - INFO - Получение текущей цены для токена FhLjrW...cQpump
2025-04-01 20:05:22,986 - trading.trading - INFO - Получение текущей цены для токена B1oKaT...K7pump
2025-04-01 20:05:22,986 - trading.trading - INFO - Получение текущей цены для токена 6wx8Wq...z2pump
2025-04-01 20:05:23,960 - trading.trading - INFO - Получение текущей цены для токена FhLjrW...cQpump
2025-04-01 20:05:23,962 - trading.trading - INFO - Получение текущей цены для токена B1oKaT...K7pump
2025-04-01 20:05:23,966 - trading.trading - INFO - Получение текущей цены для токена 6wx8Wq...z2pump
2025-04-01 20:05:53,975 - trading.trading - INFO - Получение текущей цены для токена FhLjrW...cQpump
2025-04-01 20:05:53,976 - trading.trading - INFO - Получение текущей цены для токена B1oKaT...K7pump
2025-04-01 20:05:53,976 - trading.trading - INFO - Запрос цены токена B1oKaT...K7pump через DexScreener...
2025-04-01 20:05:54,214 - trading.trading - INFO - Цена токена B1oKaT...K7pump на pumpswap: 0.00000037 SOL
2025-04-01 20:05:54,216 - trading.trading - INFO - Получение текущей цены для токена 6wx8Wq...z2pump
2025-04-01 20:06:22,992 - trading.trading - INFO - Получение текущей цены для токена FhLjrW...cQpump
2025-04-01 20:06:22,993 - trading.trading - INFO - Получение текущей цены для токена B1oKaT...K7pump
2025-04-01 20:06:22,997 - trading.trading - INFO - Получение текущей цены для токена 6wx8Wq...z2pump
2025-04-01 20:06:23,001 - trading.trading - INFO - Получение текущей цены для токена FhLjrW...cQpump
2025-04-01 20:06:23,002 - trading.trading - INFO - Получение текущей цены для токена B1oKaT...K7pump
2025-04-01 20:06:23,002 - trading.trading - INFO - Получение текущей цены для токена 6wx8Wq...z2pump
2025-04-01 20:06:24,220 - trading.trading - INFO - Получение текущей цены для токена FhLjrW...cQpump
2025-04-01 20:06:24,222 - trading.trading - INFO - Получение текущей цены для токена B1oKaT...K7pump
2025-04-01 20:06:24,226 - trading.trading - INFO - Получение текущей цены для токена 6wx8Wq...z2pump
2025-04-01 20:06:54,237 - trading.trading - INFO - Получение текущей цены для токена FhLjrW...cQpump
2025-04-01 20:06:54,238 - trading.trading - INFO - Получение текущей цены для токена B1oKaT...K7pump
2025-04-01 20:06:54,253 - trading.trading - INFO - Получение текущей цены для токена 6wx8Wq...z2pump
2025-04-01 20:06:54,254 - trading.trading - INFO - Запрос цены токена 6wx8Wq...z2pump через DexScreener...
2025-04-01 20:06:54,481 - trading.trading - INFO - Цена токена 6wx8Wq...z2pump на pumpswap: 0.00000034 SOL
2025-04-01 20:07:23,007 - trading.trading - INFO - Получение текущей цены для токена FhLjrW...cQpump
2025-04-01 20:07:23,008 - trading.trading - INFO - Получение текущей цены для токена B1oKaT...K7pump
2025-04-01 20:07:23,009 - trading.trading - INFO - Получение текущей цены для токена 6wx8Wq...z2pump
2025-04-01 20:07:23,016 - trading.trading - INFO - Получение текущей цены для токена FhLjrW...cQpump
2025-04-01 20:07:23,017 - trading.trading - INFO - Получение текущей цены для токена B1oKaT...K7pump
2025-04-01 20:07:23,017 - trading.trading - INFO - Получение текущей цены для токена 6wx8Wq...z2pump
2025-04-01 20:07:24,487 - trading.trading - INFO - Получение текущей цены для токена FhLjrW...cQpump
2025-04-01 20:07:24,488 - trading.trading - INFO - Получение текущей цены для токена B1oKaT...K7pump
2025-04-01 20:07:24,492 - trading.trading - INFO - Получение текущей цены для токена 6wx8Wq...z2pump
2025-04-01 20:07:54,504 - trading.trading - INFO - Получение текущей цены для токена FhLjrW...cQpump
2025-04-01 20:07:54,506 - trading.trading - INFO - Получение текущей цены для токена B1oKaT...K7pump
2025-04-01 20:07:54,512 - trading.trading - INFO - Получение текущей цены для токена 6wx8Wq...z2pump
2025-04-01 20:08:23,020 - trading.trading - INFO - Получение текущей цены для токена FhLjrW...cQpump
2025-04-01 20:08:23,021 - trading.trading - INFO - Получение текущей цены для токена B1oKaT...K7pump
2025-04-01 20:08:23,033 - trading.trading - INFO - Получение текущей цены для токена 6wx8Wq...z2pump
2025-04-01 20:08:23,041 - trading.trading - INFO - Получение текущей цены для токена FhLjrW...cQpump
2025-04-01 20:08:23,041 - trading.trading - INFO - Получение текущей цены для токена B1oKaT...K7pump
2025-04-01 20:08:23,042 - trading.trading - INFO - Получение текущей цены для токена 6wx8Wq...z2pump
2025-04-01 20:08:24,521 - trading.trading - INFO - Получение текущей цены для токена FhLjrW...cQpump
2025-04-01 20:08:24,523 - trading.trading - INFO - Получение текущей цены для токена B1oKaT...K7pump
2025-04-01 20:08:24,530 - trading.trading - INFO - Получение текущей цены для токена 6wx8Wq...z2pump
2025-04-01 20:08:54,543 - trading.trading - INFO - Запрашиваем цену SOL через CoinGecko...
2025-04-01 20:08:54,802 - trading.trading - INFO - Получена новая цена SOL: 127.83 USDT
2025-04-01 20:08:54,804 - trading.trading - INFO - Получение текущей цены для токена FhLjrW...cQpump
2025-04-01 20:08:54,806 - trading.trading - INFO - Получение текущей цены для токена B1oKaT...K7pump
2025-04-01 20:08:54,809 - trading.trading - INFO - Получение текущей цены для токена 6wx8Wq...z2pump
2025-04-01 20:09:23,044 - trading.trading - INFO - Получение текущей цены для токена FhLjrW...cQpump
2025-04-01 20:09:23,053 - trading.trading - INFO - Получение текущей цены для токена B1oKaT...K7pump
2025-04-01 20:09:23,058 - trading.trading - INFO - Получение текущей цены для токена 6wx8Wq...z2pump
2025-04-01 20:09:23,065 - trading.trading - INFO - Получение текущей цены для токена FhLjrW...cQpump
2025-04-01 20:09:23,069 - trading.trading - INFO - Получение текущей цены для токена B1oKaT...K7pump
2025-04-01 20:09:23,069 - trading.trading - INFO - Получение текущей цены для токена 6wx8Wq...z2pump
2025-04-01 20:09:24,817 - trading.trading - INFO - Получение текущей цены для токена FhLjrW...cQpump
2025-04-01 20:09:24,818 - trading.trading - INFO - Получение текущей цены для токена B1oKaT...K7pump
2025-04-01 20:09:24,822 - trading.trading - INFO - Получение текущей цены для токена 6wx8Wq...z2pump
2025-04-01 20:09:54,829 - trading.trading - INFO - Получение текущей цены для токена FhLjrW...cQpump
2025-04-01 20:09:54,832 - trading.trading - INFO - Получение текущей цены для токена B1oKaT...K7pump
2025-04-01 20:09:54,834 - trading.trading - INFO - Получение текущей цены для токена 6wx8Wq...z2pump
2025-04-01 20:10:23,075 - trading.trading - INFO - Получение текущей цены для токена FhLjrW...cQpump
2025-04-01 20:10:23,076 - trading.trading - INFO - Запрос цены токена FhLjrW...cQpump через DexScreener...
2025-04-01 20:10:24,837 - trading.trading - INFO - Получение текущей цены для токена FhLjrW...cQpump
2025-04-01 20:10:24,838 - trading.trading - INFO - Запрос цены токена FhLjrW...cQpump через DexScreener...
2025-04-01 20:10:33,124 - trading.trading - WARNING - Ошибка получения цены через DexScreener: HTTPSConnectionPool(host='api.dexscreener.com', port=443): Read timed out. (read timeout=10)
2025-04-01 20:10:33,125 - trading.trading - INFO - Получение текущей цены для токена B1oKaT...K7pump
2025-04-01 20:10:33,133 - trading.trading - INFO - Получение текущей цены для токена 6wx8Wq...z2pump
2025-04-01 20:10:33,138 - trading.trading - INFO - Получение текущей цены для токена FhLjrW...cQpump
2025-04-01 20:10:33,139 - trading.trading - INFO - Получение текущей цены для токена B1oKaT...K7pump
2025-04-01 20:10:33,140 - trading.trading - INFO - Получение текущей цены для токена 6wx8Wq...z2pump
2025-04-01 20:10:34,854 - trading.trading - WARNING - Ошибка получения цены через DexScreener: HTTPSConnectionPool(host='api.dexscreener.com', port=443): Read timed out. (read timeout=10)
2025-04-01 20:10:34,855 - trading.trading - INFO - Получение текущей цены для токена B1oKaT...K7pump
2025-04-01 20:10:34,863 - trading.trading - INFO - Получение текущей цены для токена 6wx8Wq...z2pump
2025-04-01 20:11:04,874 - trading.trading - INFO - Получение текущей цены для токена FhLjrW...cQpump
2025-04-01 20:11:04,876 - trading.trading - INFO - Получение текущей цены для токена B1oKaT...K7pump
2025-04-01 20:11:04,876 - trading.trading - INFO - Запрос цены токена B1oKaT...K7pump через DexScreener...
2025-04-01 20:11:06,504 - trading.trading - INFO - Цена токена B1oKaT...K7pump на pumpswap: 0.00000040 SOL
2025-04-01 20:11:06,511 - trading.trading - INFO - Получение текущей цены для токена 6wx8Wq...z2pump
2025-04-01 20:11:33,148 - trading.trading - INFO - Получение текущей цены для токена FhLjrW...cQpump
2025-04-01 20:11:33,150 - trading.trading - INFO - Получение текущей цены для токена B1oKaT...K7pump
2025-04-01 20:11:33,157 - trading.trading - INFO - Получение текущей цены для токена 6wx8Wq...z2pump
2025-04-01 20:11:33,161 - trading.trading - INFO - Получение текущей цены для токена FhLjrW...cQpump
2025-04-01 20:11:33,162 - trading.trading - INFO - Получение текущей цены для токена B1oKaT...K7pump
2025-04-01 20:11:33,163 - trading.trading - INFO - Получение текущей цены для токена 6wx8Wq...z2pump
2025-04-01 20:11:36,521 - trading.trading - INFO - Получение текущей цены для токена FhLjrW...cQpump
2025-04-01 20:11:36,527 - trading.trading - INFO - Получение текущей цены для токена B1oKaT...K7pump
2025-04-01 20:11:36,533 - trading.trading - INFO - Получение текущей цены для токена 6wx8Wq...z2pump
2025-04-01 20:12:06,544 - trading.trading - INFO - Получение текущей цены для токена FhLjrW...cQpump
2025-04-01 20:12:06,545 - trading.trading - INFO - Получение текущей цены для токена B1oKaT...K7pump
2025-04-01 20:12:06,550 - trading.trading - INFO - Получение текущей цены для токена 6wx8Wq...z2pump
2025-04-01 20:12:06,551 - trading.trading - INFO - Запрос цены токена 6wx8Wq...z2pump через DexScreener...
2025-04-01 20:12:06,772 - trading.trading - INFO - Цена токена 6wx8Wq...z2pump на pumpswap: 0.00000040 SOL
2025-04-01 20:12:33,169 - trading.trading - INFO - Получение текущей цены для токена FhLjrW...cQpump
2025-04-01 20:12:33,171 - trading.trading - INFO - Получение текущей цены для токена B1oKaT...K7pump
2025-04-01 20:12:33,176 - trading.trading - INFO - Получение текущей цены для токена 6wx8Wq...z2pump
2025-04-01 20:12:33,180 - trading.trading - INFO - Получение текущей цены для токена FhLjrW...cQpump
2025-04-01 20:12:33,181 - trading.trading - INFO - Получение текущей цены для токена B1oKaT...K7pump
2025-04-01 20:12:33,181 - trading.trading - INFO - Получение текущей цены для токена 6wx8Wq...z2pump
2025-04-01 20:12:36,779 - trading.trading - INFO - Получение текущей цены для токена FhLjrW...cQpump
2025-04-01 20:12:36,780 - trading.trading - INFO - Получение текущей цены для токена B1oKaT...K7pump
2025-04-01 20:12:36,781 - trading.trading - INFO - Получение текущей цены для токена 6wx8Wq...z2pump
2025-04-01 20:13:06,790 - trading.trading - INFO - Получение текущей цены для токена FhLjrW...cQpump
2025-04-01 20:13:06,792 - trading.trading - INFO - Получение текущей цены для токена B1oKaT...K7pump
2025-04-01 20:13:06,798 - trading.trading - INFO - Получение текущей цены для токена 6wx8Wq...z2pump
2025-04-01 20:13:33,186 - trading.trading - INFO - Получение текущей цены для токена FhLjrW...cQpump
2025-04-01 20:13:33,187 - trading.trading - INFO - Получение текущей цены для токена B1oKaT...K7pump
2025-04-01 20:13:33,192 - trading.trading - INFO - Получение текущей цены для токена 6wx8Wq...z2pump
2025-04-01 20:13:33,198 - trading.trading - INFO - Получение текущей цены для токена FhLjrW...cQpump
2025-04-01 20:13:33,199 - trading.trading - INFO - Получение текущей цены для токена B1oKaT...K7pump
2025-04-01 20:13:33,199 - trading.trading - INFO - Получение текущей цены для токена 6wx8Wq...z2pump
2025-04-01 20:13:36,807 - trading.trading - INFO - Получение текущей цены для токена FhLjrW...cQpump
2025-04-01 20:13:36,808 - trading.trading - INFO - Получение текущей цены для токена B1oKaT...K7pump
2025-04-01 20:13:36,813 - trading.trading - INFO - Получение текущей цены для токена 6wx8Wq...z2pump
2025-04-01 20:14:06,823 - trading.trading - INFO - Запрашиваем цену SOL через CoinGecko...
2025-04-01 20:14:07,083 - trading.trading - INFO - Получена новая цена SOL: 128.19 USDT
2025-04-01 20:14:07,085 - trading.trading - INFO - Получение текущей цены для токена FhLjrW...cQpump
2025-04-01 20:14:07,086 - trading.trading - INFO - Получение текущей цены для токена B1oKaT...K7pump
2025-04-01 20:14:07,090 - trading.trading - INFO - Получение текущей цены для токена 6wx8Wq...z2pump
2025-04-01 20:14:33,208 - trading.trading - INFO - Получение текущей цены для токена FhLjrW...cQpump
2025-04-01 20:14:33,209 - trading.trading - INFO - Получение текущей цены для токена B1oKaT...K7pump
2025-04-01 20:14:33,218 - trading.trading - INFO - Получение текущей цены для токена 6wx8Wq...z2pump
2025-04-01 20:14:33,224 - trading.trading - INFO - Получение текущей цены для токена FhLjrW...cQpump
2025-04-01 20:14:33,225 - trading.trading - INFO - Получение текущей цены для токена B1oKaT...K7pump
2025-04-01 20:14:33,225 - trading.trading - INFO - Получение текущей цены для токена 6wx8Wq...z2pump
2025-04-01 20:14:37,102 - trading.trading - INFO - Получение текущей цены для токена FhLjrW...cQpump
2025-04-01 20:14:37,103 - trading.trading - INFO - Получение текущей цены для токена B1oKaT...K7pump
2025-04-01 20:14:37,104 - trading.trading - INFO - Получение текущей цены для токена 6wx8Wq...z2pump
2025-04-01 20:15:07,113 - trading.trading - INFO - Получение текущей цены для токена FhLjrW...cQpump
2025-04-01 20:15:07,115 - trading.trading - INFO - Получение текущей цены для токена B1oKaT...K7pump
2025-04-01 20:15:07,119 - trading.trading - INFO - Получение текущей цены для токена 6wx8Wq...z2pump
2025-04-01 20:15:33,231 - trading.trading - INFO - Получение текущей цены для токена FhLjrW...cQpump
2025-04-01 20:15:33,233 - trading.trading - INFO - Получение текущей цены для токена B1oKaT...K7pump
2025-04-01 20:15:33,237 - trading.trading - INFO - Получение текущей цены для токена 6wx8Wq...z2pump
2025-04-01 20:15:33,242 - trading.trading - INFO - Получение текущей цены для токена FhLjrW...cQpump
2025-04-01 20:15:33,243 - trading.trading - INFO - Получение текущей цены для токена B1oKaT...K7pump
2025-04-01 20:15:33,243 - trading.trading - INFO - Получение текущей цены для токена 6wx8Wq...z2pump
2025-04-01 20:15:37,129 - trading.trading - INFO - Получение текущей цены для токена FhLjrW...cQpump
2025-04-01 20:15:37,129 - trading.trading - INFO - Запрос цены токена FhLjrW...cQpump через DexScreener...
2025-04-01 20:15:37,380 - trading.trading - INFO - Цена токена FhLjrW...cQpump на pumpswap: 0.00000012 SOL
2025-04-01 20:15:37,382 - trading.trading - INFO - Получение текущей цены для токена B1oKaT...K7pump
2025-04-01 20:15:37,386 - trading.trading - INFO - Получение текущей цены для токена 6wx8Wq...z2pump
2025-04-01 20:16:07,397 - trading.trading - INFO - Получение текущей цены для токена FhLjrW...cQpump
2025-04-01 20:16:07,399 - trading.trading - INFO - Получение текущей цены для токена B1oKaT...K7pump
2025-04-01 20:16:07,400 - trading.trading - INFO - Запрос цены токена B1oKaT...K7pump через DexScreener...
2025-04-01 20:16:07,646 - trading.trading - INFO - Цена токена B1oKaT...K7pump на pumpswap: 0.00000038 SOL
2025-04-01 20:16:07,647 - trading.trading - INFO - Получение текущей цены для токена 6wx8Wq...z2pump
2025-04-01 20:16:33,248 - trading.trading - INFO - Получение текущей цены для токена FhLjrW...cQpump
2025-04-01 20:16:33,250 - trading.trading - INFO - Получение текущей цены для токена B1oKaT...K7pump
2025-04-01 20:16:33,254 - trading.trading - INFO - Получение текущей цены для токена 6wx8Wq...z2pump
2025-04-01 20:16:33,260 - trading.trading - INFO - Получение текущей цены для токена FhLjrW...cQpump
2025-04-01 20:16:33,260 - trading.trading - INFO - Получение текущей цены для токена B1oKaT...K7pump
2025-04-01 20:16:33,261 - trading.trading - INFO - Получение текущей цены для токена 6wx8Wq...z2pump
2025-04-01 20:16:37,664 - trading.trading - INFO - Получение текущей цены для токена FhLjrW...cQpump
2025-04-01 20:16:37,667 - trading.trading - INFO - Получение текущей цены для токена B1oKaT...K7pump
2025-04-01 20:16:37,673 - trading.trading - INFO - Получение текущей цены для токена 6wx8Wq...z2pump
2025-04-01 20:17:07,685 - trading.trading - INFO - Получение текущей цены для токена FhLjrW...cQpump
2025-04-01 20:17:07,687 - trading.trading - INFO - Получение текущей цены для токена B1oKaT...K7pump
2025-04-01 20:17:07,692 - trading.trading - INFO - Получение текущей цены для токена 6wx8Wq...z2pump
2025-04-01 20:17:07,692 - trading.trading - INFO - Запрос цены токена 6wx8Wq...z2pump через DexScreener...
2025-04-01 20:17:07,905 - trading.trading - INFO - Цена токена 6wx8Wq...z2pump на pumpswap: 0.00000040 SOL
2025-04-01 20:17:33,265 - trading.trading - INFO - Получение текущей цены для токена FhLjrW...cQpump
2025-04-01 20:17:33,268 - trading.trading - INFO - Получение текущей цены для токена B1oKaT...K7pump
2025-04-01 20:17:33,272 - trading.trading - INFO - Получение текущей цены для токена 6wx8Wq...z2pump
2025-04-01 20:17:33,277 - trading.trading - INFO - Получение текущей цены для токена FhLjrW...cQpump
2025-04-01 20:17:33,278 - trading.trading - INFO - Получение текущей цены для токена B1oKaT...K7pump
2025-04-01 20:17:33,278 - trading.trading - INFO - Получение текущей цены для токена 6wx8Wq...z2pump
2025-04-01 20:17:37,909 - trading.trading - INFO - Получение текущей цены для токена FhLjrW...cQpump
2025-04-01 20:17:37,909 - trading.trading - INFO - Получение текущей цены для токена B1oKaT...K7pump
2025-04-01 20:17:37,914 - trading.trading - INFO - Получение текущей цены для токена 6wx8Wq...z2pump
2025-04-01 20:18:07,919 - trading.trading - INFO - Получение текущей цены для токена FhLjrW...cQpump
2025-04-01 20:18:07,922 - trading.trading - INFO - Получение текущей цены для токена B1oKaT...K7pump
2025-04-01 20:18:07,924 - trading.trading - INFO - Получение текущей цены для токена 6wx8Wq...z2pump
2025-04-01 20:18:33,284 - trading.trading - INFO - Получение текущей цены для токена FhLjrW...cQpump
2025-04-01 20:18:33,287 - trading.trading - INFO - Получение текущей цены для токена B1oKaT...K7pump
2025-04-01 20:18:33,288 - trading.trading - INFO - Получение текущей цены для токена 6wx8Wq...z2pump
2025-04-01 20:18:33,294 - trading.trading - INFO - Получение текущей цены для токена FhLjrW...cQpump
2025-04-01 20:18:33,294 - trading.trading - INFO - Получение текущей цены для токена B1oKaT...K7pump
2025-04-01 20:18:33,294 - trading.trading - INFO - Получение текущей цены для токена 6wx8Wq...z2pump
2025-04-01 20:18:37,937 - trading.trading - INFO - Получение текущей цены для токена FhLjrW...cQpump
2025-04-01 20:18:37,943 - trading.trading - INFO - Получение текущей цены для токена B1oKaT...K7pump
2025-04-01 20:18:37,948 - trading.trading - INFO - Получение текущей цены для токена 6wx8Wq...z2pump
2025-04-01 20:19:07,959 - trading.trading - INFO - Запрашиваем цену SOL через CoinGecko...
2025-04-01 20:19:08,243 - trading.trading - INFO - Получена новая цена SOL: 128.12 USDT
2025-04-01 20:19:08,245 - trading.trading - INFO - Получение текущей цены для токена FhLjrW...cQpump
2025-04-01 20:19:08,247 - trading.trading - INFO - Получение текущей цены для токена B1oKaT...K7pump
2025-04-01 20:19:08,250 - trading.trading - INFO - Получение текущей цены для токена 6wx8Wq...z2pump
2025-04-01 20:19:33,296 - trading.trading - INFO - Получение текущей цены для токена FhLjrW...cQpump
2025-04-01 20:19:33,301 - trading.trading - INFO - Получение текущей цены для токена B1oKaT...K7pump
2025-04-01 20:19:33,307 - trading.trading - INFO - Получение текущей цены для токена 6wx8Wq...z2pump
2025-04-01 20:19:33,308 - trading.trading - INFO - Получение текущей цены для токена FhLjrW...cQpump
2025-04-01 20:19:33,309 - trading.trading - INFO - Получение текущей цены для токена B1oKaT...K7pump
2025-04-01 20:19:33,310 - trading.trading - INFO - Получение текущей цены для токена 6wx8Wq...z2pump
2025-04-01 20:19:38,257 - trading.trading - INFO - Получение текущей цены для токена FhLjrW...cQpump
2025-04-01 20:19:38,259 - trading.trading - INFO - Получение текущей цены для токена B1oKaT...K7pump
2025-04-01 20:19:38,264 - trading.trading - INFO - Получение текущей цены для токена 6wx8Wq...z2pump
2025-04-01 20:20:08,271 - trading.trading - INFO - Получение текущей цены для токена FhLjrW...cQpump
2025-04-01 20:20:08,273 - trading.trading - INFO - Получение текущей цены для токена B1oKaT...K7pump
2025-04-01 20:20:08,277 - trading.trading - INFO - Получение текущей цены для токена 6wx8Wq...z2pump
2025-04-01 20:20:33,316 - trading.trading - INFO - Получение текущей цены для токена FhLjrW...cQpump
2025-04-01 20:20:33,319 - trading.trading - INFO - Получение текущей цены для токена B1oKaT...K7pump
2025-04-01 20:20:33,334 - trading.trading - INFO - Получение текущей цены для токена 6wx8Wq...z2pump
2025-04-01 20:20:33,345 - trading.trading - INFO - Получение текущей цены для токена FhLjrW...cQpump
2025-04-01 20:20:33,345 - trading.trading - INFO - Получение текущей цены для токена B1oKaT...K7pump
2025-04-01 20:20:33,345 - trading.trading - INFO - Получение текущей цены для токена 6wx8Wq...z2pump
2025-04-01 20:20:38,282 - trading.trading - INFO - Получение текущей цены для токена FhLjrW...cQpump
2025-04-01 20:20:38,282 - trading.trading - INFO - Запрос цены токена FhLjrW...cQpump через DexScreener...
2025-04-01 20:20:38,539 - trading.trading - INFO - Цена токена FhLjrW...cQpump на pumpswap: 0.00000016 SOL
2025-04-01 20:20:38,542 - trading.trading - INFO - Получение текущей цены для токена B1oKaT...K7pump
2025-04-01 20:20:38,545 - trading.trading - INFO - Получение текущей цены для токена 6wx8Wq...z2pump
2025-04-01 20:20:45,242 - trading.trading - INFO - Получение текущей цены для токена AvMLQp...K9KYqX
2025-04-01 20:20:45,242 - trading.trading - INFO - Запрос цены токена AvMLQp...K9KYqX через DexScreener...
2025-04-01 20:20:45,456 - trading.trading - INFO - Цена токена AvMLQp...K9KYqX на raydium: 0.00000044 SOL
2025-04-01 20:20:45,458 - trading.trading - INFO - Демо-покупка: 455892.4094 токенов AvMLQp...K9KYqX за 0.2 SOL по цене 0.00000044 SOL за токен
2025-04-01 20:20:45,459 - __main__ - INFO - Демо-своп выполнен
2025-04-01 20:20:45,459 - __main__ - INFO - Демо-баланс SOL: 9.200000000000003
2025-04-01 20:20:45,460 - __main__ - INFO - Демо-баланс AvMLQpFSHZeEJoHraonmiHWdiSHVuEQr9utu2LK9KYqX: 455892.4093913837
2025-04-01 20:20:45,854 - __main__ - ERROR - Ошибка отправки уведомления: 400 Client Error: Bad Request for url: https://api.telegram.org/bot7522907574:AAHfKJSGi4b0fbRldbtAG_4PL3fFivyo9Ic/sendMessage
2025-04-01 20:20:45,856 - trading.trading - INFO - Получение текущей цены для токена FhLjrW...cQpump
2025-04-01 20:20:45,858 - trading.trading - INFO - Получение текущей цены для токена B1oKaT...K7pump
2025-04-01 20:20:45,858 - trading.trading - INFO - Получение текущей цены для токена 6wx8Wq...z2pump
2025-04-01 20:20:45,858 - trading.trading - INFO - Получение текущей цены для токена AvMLQp...K9KYqX
2025-04-01 20:21:08,560 - trading.trading - INFO - Получение текущей цены для токена FhLjrW...cQpump
2025-04-01 20:21:08,564 - trading.trading - INFO - Получение текущей цены для токена B1oKaT...K7pump
2025-04-01 20:21:08,566 - trading.trading - INFO - Запрос цены токена B1oKaT...K7pump через DexScreener...
2025-04-01 20:21:08,796 - trading.trading - INFO - Цена токена B1oKaT...K7pump на pumpswap: 0.00000028 SOL
2025-04-01 20:21:08,800 - trading.trading - INFO - Получение текущей цены для токена 6wx8Wq...z2pump
2025-04-01 20:21:08,802 - trading.trading - INFO - Получение текущей цены для токена AvMLQp...K9KYqX
2025-04-01 20:21:33,351 - trading.trading - INFO - Получение текущей цены для токена FhLjrW...cQpump
2025-04-01 20:21:33,352 - trading.trading - INFO - Получение текущей цены для токена B1oKaT...K7pump
2025-04-01 20:21:33,353 - trading.trading - INFO - Получение текущей цены для токена 6wx8Wq...z2pump
2025-04-01 20:21:33,354 - trading.trading - INFO - Получение текущей цены для токена AvMLQp...K9KYqX
2025-04-01 20:21:33,362 - trading.trading - INFO - Получение текущей цены для токена FhLjrW...cQpump
2025-04-01 20:21:33,362 - trading.trading - INFO - Получение текущей цены для токена B1oKaT...K7pump
2025-04-01 20:21:33,363 - trading.trading - INFO - Получение текущей цены для токена 6wx8Wq...z2pump
2025-04-01 20:21:33,363 - trading.trading - INFO - Получение текущей цены для токена AvMLQp...K9KYqX
2025-04-01 20:21:38,807 - trading.trading - INFO - Получение текущей цены для токена FhLjrW...cQpump
2025-04-01 20:21:38,809 - trading.trading - INFO - Получение текущей цены для токена B1oKaT...K7pump
2025-04-01 20:21:38,813 - trading.trading - INFO - Получение текущей цены для токена 6wx8Wq...z2pump
2025-04-01 20:21:38,817 - trading.trading - INFO - Получение текущей цены для токена AvMLQp...K9KYqX
2025-04-01 20:22:08,828 - trading.trading - INFO - Получение текущей цены для токена FhLjrW...cQpump
2025-04-01 20:22:08,830 - trading.trading - INFO - Получение текущей цены для токена B1oKaT...K7pump
2025-04-01 20:22:08,835 - trading.trading - INFO - Получение текущей цены для токена 6wx8Wq...z2pump
2025-04-01 20:22:08,836 - trading.trading - INFO - Запрос цены токена 6wx8Wq...z2pump через DexScreener...
2025-04-01 20:22:18,854 - trading.trading - WARNING - Ошибка получения цены через DexScreener: HTTPSConnectionPool(host='api.dexscreener.com', port=443): Read timed out. (read timeout=10)
2025-04-01 20:22:18,858 - trading.trading - INFO - Получение текущей цены для токена AvMLQp...K9KYqX
2025-04-01 20:22:33,375 - trading.trading - INFO - Получение текущей цены для токена FhLjrW...cQpump
2025-04-01 20:22:33,379 - trading.trading - INFO - Получение текущей цены для токена B1oKaT...K7pump
2025-04-01 20:22:33,389 - trading.trading - INFO - Получение текущей цены для токена 6wx8Wq...z2pump
2025-04-01 20:22:33,395 - trading.trading - INFO - Получение текущей цены для токена AvMLQp...K9KYqX
2025-04-01 20:22:33,401 - trading.trading - INFO - Получение текущей цены для токена FhLjrW...cQpump
2025-04-01 20:22:33,402 - trading.trading - INFO - Получение текущей цены для токена B1oKaT...K7pump
2025-04-01 20:22:33,403 - trading.trading - INFO - Получение текущей цены для токена 6wx8Wq...z2pump
2025-04-01 20:22:33,404 - trading.trading - INFO - Получение текущей цены для токена AvMLQp...K9KYqX
2025-04-01 20:22:40,279 - __main__ - INFO - Демо-данные сохранены в файл: {'SOL': 9.200000000000003, 'tokens': {'FhLjrWJMvhAAWQNQa9iyZeNwDEyv8vLdA2fh9icQpump': 278357.68963117606, 'B1oKaTVsg1S6TCbBwRNADXY1NF7AfpsnSrvWhWK7pump': 563539.0250774866, '6wx8WqrU4ThrSNNuQPTdJcYDvfouKkUhUwd4Jjz2pump': 610128.1269066504, 'AvMLQpFSHZeEJoHraonmiHWdiSHVuEQr9utu2LK9KYqX': 455892.4093913837}}
2025-04-01 20:22:54,131 - guii - INFO - Демо-режим активирован. Используется виртуальный кошелёк.
2025-04-01 20:22:54,133 - guii - INFO - Баланс SOL: 10.0000
2025-04-01 20:22:54,133 - root - ERROR - Ошибка в profit_monitoring_task: 'TradingBotGUI' object has no attribute 'profit_monitoring'
2025-04-01 20:24:48,130 - guii - INFO - Демо-режим активирован. Используется виртуальный кошелёк.
2025-04-01 20:24:48,131 - guii - INFO - Баланс SOL: 10.0000
2025-04-01 20:24:48,132 - root - ERROR - Ошибка в profit_monitoring_task: 'TradingBotGUI' object has no attribute 'profit_monitoring'
2025-04-01 20:24:48,210 - telethon.network.mtprotosender - INFO - Connecting to 149.154.167.51:443/TcpFull...
2025-04-01 20:24:49,593 - telethon.network.mtprotosender - INFO - Connection to 149.154.167.51:443/TcpFull complete!
2025-04-01 20:25:04,720 - trading.trading - INFO - Запрашиваем цену SOL через CoinGecko...
2025-04-01 20:25:05,015 - trading.trading - INFO - Получена новая цена SOL: 127.82 USDT
2025-04-01 20:48:03,858 - telethon.crypto.aes - INFO - libssl detected, it will be used for encryption
2025-04-01 20:56:50,050 - telethon.crypto.aes - INFO - libssl detected, it will be used for encryption
2025-04-01 20:56:50,670 - guii - INFO - Демо-режим активирован. Используется виртуальный кошелёк.
2025-04-01 20:56:50,671 - guii - INFO - Баланс SOL: 10.0000
2025-04-01 20:56:50,674 - telethon.network.mtprotosender - INFO - Connecting to 149.154.167.51:443/TcpFull...
2025-04-01 20:56:50,676 - telethon.network.mtprotosender - INFO - Connection to 149.154.167.51:443/TcpFull complete!
2025-04-01 20:59:41,864 - telethon.crypto.aes - INFO - libssl detected, it will be used for encryption
2025-04-01 20:59:42,486 - guii - INFO - Демо-режим активирован. Используется виртуальный кошелёк.
2025-04-01 20:59:42,487 - guii - INFO - Баланс SOL: 10.0000
2025-04-01 20:59:42,491 - telethon.network.mtprotosender - INFO - Connecting to 149.154.167.51:443/TcpFull...
2025-04-01 20:59:42,493 - telethon.network.mtprotosender - INFO - Connection to 149.154.167.51:443/TcpFull complete!
2025-04-01 21:00:08,866 - trading.trading - INFO - Получение текущей цены для токена DuJ4Ed...ahh5qz
2025-04-01 21:00:08,867 - trading.trading - INFO - Запрос цены токена DuJ4Ed...ahh5qz через DexScreener...
2025-04-01 21:00:09,253 - trading.trading - INFO - Цена токена DuJ4Ed...ahh5qz на raydium: 0.00000002 SOL
2025-04-01 21:00:09,254 - trading.trading - INFO - Демо-покупка: 9610764.0557 токенов DuJ4Ed...ahh5qz за 0.2 SOL по цене 0.00000002 SOL за токен
2025-04-01 21:00:09,255 - guii - INFO - Демо-своп выполнен
2025-04-01 21:00:09,255 - guii - INFO - Демо-баланс SOL: 9.8
2025-04-01 21:00:09,257 - guii - INFO - Демо-баланс DuJ4EdtSDDrPvku19AQfqqNcXTXiNhpiBbUhERahh5qz: 9610764.055742433
2025-04-01 21:00:09,257 - trading.trading - INFO - Запрашиваем цену SOL через CoinGecko...
2025-04-01 21:00:14,277 - trading.trading - ERROR - Ошибка получения цены SOL: HTTPSConnectionPool(host='api.coingecko.com', port=443): Read timed out. (read timeout=5)
2025-04-01 21:00:14,279 - trading.trading - INFO - Получение текущей цены для токена DuJ4Ed...ahh5qz
2025-04-01 21:01:43,523 - trading.trading - INFO - Получение текущей цены для токена ChKWH4...89pump
2025-04-01 21:01:43,524 - trading.trading - INFO - Запрос цены токена ChKWH4...89pump через DexScreener...
2025-04-01 21:01:43,738 - trading.trading - INFO - Цена токена ChKWH4...89pump на pumpswap: 0.00000474 SOL
2025-04-01 21:01:43,740 - trading.trading - INFO - Демо-покупка: 42194.0928 токенов ChKWH4...89pump за 0.2 SOL по цене 0.00000474 SOL за токен
2025-04-01 21:01:43,740 - guii - INFO - Демо-своп выполнен
2025-04-01 21:01:43,741 - guii - INFO - Демо-баланс SOL: 9.600000000000001
2025-04-01 21:01:43,742 - guii - INFO - Демо-баланс ChKWH4PcfSw1q9NgoweQZ8DpeJuQBtyXoQtoWh89pump: 42194.09282700422
2025-04-01 21:01:43,743 - trading.trading - INFO - Запрашиваем цену SOL через CoinGecko...
2025-04-01 21:01:43,992 - trading.trading - INFO - Получена новая цена SOL: 127.38 USDT
2025-04-01 21:01:43,994 - trading.trading - INFO - Получение текущей цены для токена DuJ4Ed...ahh5qz
2025-04-01 21:01:43,994 - trading.trading - INFO - Получение текущей цены для токена ChKWH4...89pump
2025-04-01 21:05:25,927 - guii - INFO - Мониторинг Telegram запущен.
2025-04-01 21:06:39,940 - telethon.crypto.aes - INFO - libssl detected, it will be used for encryption
2025-04-01 21:06:40,558 - guii - INFO - Демо-режим активирован. Используется виртуальный кошелёк.
2025-04-01 21:06:40,559 - guii - INFO - Баланс SOL: 10.0000
2025-04-01 21:06:40,563 - telethon.network.mtprotosender - INFO - Connecting to 149.154.167.51:443/TcpFull...
2025-04-01 21:06:40,565 - telethon.network.mtprotosender - INFO - Connection to 149.154.167.51:443/TcpFull complete!
2025-04-01 21:17:24,790 - telethon.crypto.aes - INFO - libssl detected, it will be used for encryption
2025-04-01 21:17:25,441 - guii - INFO - Демо-режим активирован. Используется виртуальный кошелёк.
2025-04-01 21:17:25,442 - guii - INFO - Баланс SOL: 10.0000
2025-04-01 21:17:25,449 - telethon.network.mtprotosender - INFO - Connecting to 149.154.167.51:443/TcpFull...
2025-04-01 21:17:25,451 - telethon.network.mtprotosender - INFO - Connection to 149.154.167.51:443/TcpFull complete!
2025-04-01 21:19:31,474 - trading.trading - INFO - Получение текущей цены для токена ChKWH4...89pump
2025-04-01 21:19:31,475 - trading.trading - INFO - Запрос цены токена ChKWH4...89pump через DexScreener...
2025-04-01 21:19:31,917 - trading.trading - INFO - Цена токена ChKWH4...89pump на pumpswap: 0.00000355 SOL
2025-04-01 21:19:31,920 - trading.trading - INFO - Демо-покупка: 56353.9025 токенов ChKWH4...89pump за 0.2 SOL по цене 0.00000355 SOL за токен
2025-04-01 21:19:31,923 - guii - INFO - Демо-своп выполнен
2025-04-01 21:19:31,925 - guii - INFO - Демо-баланс SOL: 9.8
2025-04-01 21:19:31,928 - guii - INFO - Демо-баланс ChKWH4PcfSw1q9NgoweQZ8DpeJuQBtyXoQtoWh89pump: 56353.902507748666
2025-04-01 21:19:31,930 - trading.trading - INFO - Запрашиваем цену SOL через CoinGecko...
2025-04-01 21:19:32,183 - trading.trading - INFO - Получена новая цена SOL: 126.29 USDT
2025-04-01 21:19:32,185 - trading.trading - INFO - Получение текущей цены для токена ChKWH4...89pump
2025-04-02 15:09:53,637 - __main__ - ERROR - Error loading settings: 'TradingBotGUI' object has no attribute 'confident_amount'
2025-04-02 15:18:15,583 - __main__ - ERROR - Error loading settings: 'TradingBotGUI' object has no attribute 'log_text'
