2025-03-29 17:37:33,112 - root - INFO - Получен текст из буфера: $fleb

Watching this, not aped yet

No story behind, just cute character and ppl are kinda bullish on it. Some good wallets aped as well. However, chart is at ATH now so I am just watching and waiting for dip around 700k.

DYOR and mind your own risk. 

https://gmgn.ai/sol/token/papi_6PaVHw2HR6ybTvPMXkLcGUF2A6Hiy857k8PQXkTnpump
2025-03-29 17:37:33,118 - root - INFO - Ошибка: Сигнал не распознан или не для покупки.
2025-03-29 17:43:27,120 - root - INFO - Получен текст из буфера: $STINKDEX

Gambled small here, follow this tweet from terminal of truths: https://x.com/truth_terminal/status/1905740975315788140?s=46&t=43MwrAbSrMSNl0jIG7zfoQ

Deployer is alt wallet of $Fartcoin deployer wallet as well. Chart is now at dip floor, let's see if we can have another round here. 

CA: HEz7eqe3ZdbQa8QfLDo1JWpWzJK3bFJHy6D1PMWapump

https://gmgn.ai/sol/token/papi_HEz7eqe3ZdbQa8QfLDo1JWpWzJK3bFJHy6D1PMWapump
2025-03-29 17:43:27,123 - root - INFO - Ошибка: Сигнал не распознан или не для покупки.
2025-03-29 17:44:03,390 - root - ERROR - Ошибка свопа: name 'config' is not defined
2025-03-29 17:48:33,473 - root - INFO - Получен текст из буфера: $STINKDEX

Gambled small here, follow this tweet from terminal of truths: https://x.com/truth_terminal/status/1905740975315788140?s=46&t=43MwrAbSrMSNl0jIG7zfoQ

Deployer is alt wallet of $Fartcoin deployer wallet as well. Chart is now at dip floor, let's see if we can have another round here. 

CA: HEz7eqe3ZdbQa8QfLDo1JWpWzJK3bFJHy6D1PMWapump

https://gmgn.ai/sol/token/papi_HEz7eqe3ZdbQa8QfLDo1JWpWzJK3bFJHy6D1PMWapump
2025-03-29 17:48:33,477 - root - INFO - Ошибка: Сигнал не распознан или не для покупки.
2025-03-29 17:49:27,098 - root - ERROR - Ошибка свопа: 'NoneType' object has no attribute 'get'
2025-03-29 18:03:17,580 - root - ERROR - Ошибка свопа: Ошибка: Функция swap_tokens вернула None.
2025-04-01 21:38:43,787 - telethon.crypto.aes - INFO - libssl detected, it will be used for encryption
2025-04-01 21:38:59,882 - telethon.crypto.aes - INFO - libssl detected, it will be used for encryption
2025-04-01 21:43:55,195 - telethon.crypto.aes - INFO - libssl detected, it will be used for encryption
2025-04-01 21:51:32,722 - telethon.crypto.aes - INFO - libssl detected, it will be used for encryption
2025-04-01 21:51:36,789 - guii - ERROR - Ошибка инициализации данных: name 'load_wallet' is not defined
2025-04-01 21:51:36,793 - telethon.network.mtprotosender - INFO - Connecting to 149.154.167.51:443/TcpFull...
2025-04-01 21:51:36,795 - telethon.network.mtprotosender - INFO - Connection to 149.154.167.51:443/TcpFull complete!
2025-04-01 21:52:04,734 - guii - ERROR - Ошибка свопа: name 'swap_tokens' is not defined
